Unity Editor version:    2020.3.19f1c2 (94354a08ed9f)
Branch:                  2020.3/china_unity/release
Build type:              Release
Batch mode:              YES
macOS version:           Version 11.6 (Build 20G165)
Darwin version:          20.6.0
Architecture:            x86_64
Running under Rosetta:   NO
Available memory:        8192 MB
Using pre-set license
Pro License: NO

COMMAND LINE ARGUMENTS:
/Applications/Unity/Hub/Editor/2020.3.19f1c2/Unity.app/Contents/MacOS/Unity
-adb2
-batchMode
-noUpm
-name
AssetImportWorker0
-projectPath
/Users/peiwenliang/Documents/GitHub/P3Dworking-/Practice 1
-logFile
Logs/AssetImportWorker0.log
-srvPort
64659
Successfully changed project path to: /Users/peiwenliang/Documents/GitHub/P3Dworking-/Practice 1
/Users/peiwenliang/Documents/GitHub/P3Dworking-/Practice 1
Using Asset Import Pipeline V2.
AS: AutoStreaming module initializing.Refreshing native plugins compatible for Editor in 113.93 ms, found 2 plugins.
Preloading 0 native plugins for Editor in 0.00 ms.
Initialize engine version: 2020.3.19f1c2 (94354a08ed9f)
[Subsystems] Discovering subsystems at path /Applications/Unity/Hub/Editor/2020.3.19f1c2/Unity.app/Contents/Resources/UnitySubsystems
[Subsystems] Discovering subsystems at path /Users/peiwenliang/Documents/GitHub/P3Dworking-/Practice 1/Assets
GfxDevice: creating device client; threaded=0
2021-10-08 19:27:16.077 Unity[28953:2583218] Color LCD preferred device: Intel(R) Iris(TM) Plus Graphics 640 (low power)
2021-10-08 19:27:16.077 Unity[28953:2583218] Metal devices available: 1
2021-10-08 19:27:16.077 Unity[28953:2583218] 0: Intel(R) Iris(TM) Plus Graphics 640 (low power)
2021-10-08 19:27:16.078 Unity[28953:2583218] Using device Intel(R) Iris(TM) Plus Graphics 640 (low power)
Initializing Metal device caps: Intel(R) Iris(TM) Plus Graphics 640
Initialize mono
Mono path[0] = '/Applications/Unity/Hub/Editor/2020.3.19f1c2/Unity.app/Contents/Managed'
Mono path[1] = '/Applications/Unity/Hub/Editor/2020.3.19f1c2/Unity.app/Contents/MonoBleedingEdge/lib/mono/unityjit'
Mono config path = '/Applications/Unity/Hub/Editor/2020.3.19f1c2/Unity.app/Contents/MonoBleedingEdge/etc'
Using monoOptions --debugger-agent=transport=dt_socket,embedding=1,server=y,suspend=n,address=127.0.0.1:56953
Begin MonoManager ReloadAssembly
Registering precompiled unity dll's ...
Register platform support module: /Applications/Unity/Hub/Editor/2020.3.19f1c2/Unity.app/Contents/PlaybackEngines/MacStandaloneSupport/UnityEditor.OSXStandalone.Extensions.dll
Registered in 0.001814 seconds.
Native extension for OSXStandalone target not found
Refreshing native plugins compatible for Editor in 71.28 ms, found 2 plugins.
Preloading 0 native plugins for Editor in 0.00 ms.
Mono: successfully reloaded assembly
- Completed reload, in  4.576 seconds
Domain Reload Profiling:
	ReloadAssembly (4577ms)
		BeginReloadAssembly (164ms)
			ExecutionOrderSort (0ms)
			DisableScriptedObjects (0ms)
			BackupInstance (0ms)
			ReleaseScriptingObjects (0ms)
			CreateAndSetChildDomain (1ms)
		EndReloadAssembly (740ms)
			LoadAssemblies (164ms)
			RebuildTransferFunctionScriptingTraits (0ms)
			SetupTypeCache (310ms)
			ReleaseScriptCaches (0ms)
			RebuildScriptCaches (59ms)
			SetupLoadedEditorAssemblies (286ms)
				LogAssemblyErrors (0ms)
				InitializePlatformSupportModulesInManaged (5ms)
				SetLoadedEditorAssemblies (0ms)
				RefreshPlugins (71ms)
				BeforeProcessingInitializeOnLoad (15ms)
				ProcessInitializeOnLoadAttributes (153ms)
				ProcessInitializeOnLoadMethodAttributes (40ms)
				AfterProcessingInitializeOnLoad (0ms)
				EditorAssembliesLoaded (0ms)
			ExecutionOrderSort2 (0ms)
			AwakeInstancesAfterBackupRestoration (0ms)
Platform modules already initialized, skipping
Registering precompiled user dll's ...
Registered in 0.009609 seconds.
Begin MonoManager ReloadAssembly
Native extension for OSXStandalone target not found
Refreshing native plugins compatible for Editor in 74.37 ms, found 2 plugins.
Preloading 0 native plugins for Editor in 0.00 ms.
Mono: successfully reloaded assembly
- Completed reload, in  1.653 seconds
Domain Reload Profiling:
	ReloadAssembly (1657ms)
		BeginReloadAssembly (203ms)
			ExecutionOrderSort (0ms)
			DisableScriptedObjects (6ms)
			BackupInstance (0ms)
			ReleaseScriptingObjects (0ms)
			CreateAndSetChildDomain (42ms)
		EndReloadAssembly (1375ms)
			LoadAssemblies (160ms)
			RebuildTransferFunctionScriptingTraits (0ms)
			SetupTypeCache (484ms)
			ReleaseScriptCaches (1ms)
			RebuildScriptCaches (72ms)
			SetupLoadedEditorAssemblies (511ms)
				LogAssemblyErrors (0ms)
				InitializePlatformSupportModulesInManaged (4ms)
				SetLoadedEditorAssemblies (0ms)
				RefreshPlugins (74ms)
				BeforeProcessingInitializeOnLoad (78ms)
				ProcessInitializeOnLoadAttributes (346ms)
				ProcessInitializeOnLoadMethodAttributes (5ms)
				AfterProcessingInitializeOnLoad (2ms)
				EditorAssembliesLoaded (0ms)
			ExecutionOrderSort2 (0ms)
			AwakeInstancesAfterBackupRestoration (8ms)
Platform modules already initialized, skipping
Validating Project structure ... 0.007612 seconds.

LICENSE SYSTEM [2021108 19:27:24] Next license update check is after 2021-10-09T06:03:42

Shader import version has changed; will reimport all shaders...
Upgrading shader files ...0.007310 seconds.
Application.AssetDatabase Initial Script Refresh Start
RefreshInfo: InitialScriptRefreshV2(NoUpdateAssetOptions) scanfilter:  ... 1 filters
RefreshProfiler: Total: 0.000ms
Application.AssetDatabase Initial Script Refresh End
Application.AssetDatabase.Refresh Start
Application.AssetDatabase.Refresh End
RefreshInfo: StopAssetImportingV2(ForceSynchronousImport) scanfilter: 
RefreshProfiler: Total: 0.000ms
Launching external process: /Applications/Unity/Hub/Editor/2020.3.19f1c2/Unity.app/Contents/Tools/UnityShaderCompiler
Launched and connected shader compiler UnityShaderCompiler after 0.03 seconds
Initializing Unity extensions:
========================================================================
Worker process is ready to serve import requests
Refreshing native plugins compatible for Editor in 0.66 ms, found 2 plugins.
Preloading 0 native plugins for Editor in 0.00 ms.
Unloading 2712 Unused Serialized files (Serialized files now loaded: 0)
System memory in use before: 234.2 MB.
System memory in use after: 234.1 MB.

Unloading 116 unused Assets to reduce memory usage. Loaded Objects now: 3190.
Total: 4.083574 ms (FindLiveObjects: 0.327075 ms CreateObjectMapping: 0.167032 ms MarkObjects: 3.338445 ms  DeleteObjects: 0.249704 ms)

AssetImportParameters requested are different than current active one (requested -> active):
  custom:video-decoder-ogg-theora: a1e56fd34408186e4bbccfd4996cb3dc -> 
  custom:container-muxer-webm: aa71ff27fc2769a1b78a27578f13a17b -> 
  custom:container-demuxer-webm: 4f35f7cbe854078d1ac9338744f61a02 -> 
  custom:container-demuxer-ogg: 62fdf1f143b41e24485cea50d1cbac27 -> 
  custom:video-encoder-webm-vp8: eb34c28f22e8b96e1ab97ce403110664 -> 
  custom:framework-osx-AVFoundation: e770b220cccbd017edd2c1fefb359320 -> 
  custom:video-decoder-webm-vp8: 9c59270c3fd7afecdb556c50c9e8de78 -> 
  custom:audio-decoder-ogg-vorbis: bf7c407c2cedff20999df2af8eb42d56 -> 
  custom:audio-encoder-webm-vorbis: bf7c407c2cedff20999df2af8eb42d56 -> 
========================================================================
Received Import Request.
  path: Packages/com.unity.render-pipelines.universal/Runtime/Materials/Lit.mat
  artifactKey: Guid(31321ba15b8f8eb4c954353edc038b1d) Importer(815301076,1909f56bfc062723c751e8b465ee728b)
Start importing Packages/com.unity.render-pipelines.universal/Runtime/Materials/Lit.mat using Guid(31321ba15b8f8eb4c954353edc038b1d) Importer(815301076,1909f56bfc062723c751e8b465ee728b)  -> (artifact id: '97a46e45ab72210011683b98bb693f19') in 1.366186 seconds 
  Import took 1.374089 seconds .

========================================================================
Received Import Request.
  Time since last request: 0.003408 seconds.
  path: Assets/Old_USSR_Lamp/Meshes/SM_Old_USSR_Lamp_01.FBX
  artifactKey: Guid(dba02eb55a680a348ba35df7f483bad0) Importer(815301076,1909f56bfc062723c751e8b465ee728b)
Start importing Assets/Old_USSR_Lamp/Meshes/SM_Old_USSR_Lamp_01.FBX using Guid(dba02eb55a680a348ba35df7f483bad0) Importer(815301076,1909f56bfc062723c751e8b465ee728b)  -> (artifact id: '644f0e2e46050b270cc130d37f017ab3') in 0.544993 seconds 
  Import took 0.553093 seconds .

========================================================================
Received Import Request.
  Time since last request: 236.114633 seconds.
  path: Assets/PBR Lamps Pack Free/Classic fluorescent lamp/Maps (Specular) [Unity]/Classic_fluorescent_lamp_specular.png
  artifactKey: Guid(c15163ce42b207f46b90f426470b189b) Importer(815301076,1909f56bfc062723c751e8b465ee728b)
Start importing Assets/PBR Lamps Pack Free/Classic fluorescent lamp/Maps (Specular) [Unity]/Classic_fluorescent_lamp_specular.png using Guid(c15163ce42b207f46b90f426470b189b) Importer(815301076,1909f56bfc062723c751e8b465ee728b)  -> (artifact id: 'cdd3bb2cbd4b6e35cde30d63c426e4fd') in 4.073527 seconds 
  Import took 4.227465 seconds .

========================================================================
Received Import Request.
  Time since last request: 0.026455 seconds.
  path: Assets/ExampleAssets/Textures/Props/Construction_Light/ConstructionLight_Albedo.tif
  artifactKey: Guid(2ec6e1532acb1254f9f3797b5d82db44) Importer(815301076,1909f56bfc062723c751e8b465ee728b)
Start importing Assets/ExampleAssets/Textures/Props/Construction_Light/ConstructionLight_Albedo.tif using Guid(2ec6e1532acb1254f9f3797b5d82db44) Importer(815301076,1909f56bfc062723c751e8b465ee728b)  -> (artifact id: '65f86bc523fbc5f92ca680c4dcf6919f') in 3.539507 seconds 
  Import took 3.550828 seconds .

========================================================================
Received Import Request.
  Time since last request: 0.003804 seconds.
  path: Assets/Shipping Container Environment/Source/Textures/containers_diffuse.png
  artifactKey: Guid(102f47365265efe4eb1bcdbf7025d288) Importer(815301076,1909f56bfc062723c751e8b465ee728b)
Start importing Assets/Shipping Container Environment/Source/Textures/containers_diffuse.png using Guid(102f47365265efe4eb1bcdbf7025d288) Importer(815301076,1909f56bfc062723c751e8b465ee728b)  -> (artifact id: 'c528a5c95aa501dad05c640a98c2ee5a') in 0.026830 seconds 
  Import took 0.039269 seconds .

========================================================================
Received Import Request.
  Time since last request: 0.000300 seconds.
  path: Assets/ExampleAssets/Textures/Props/Construction_Light/ConstructionLight_MetallicOcculusionSmoothness.tif
  artifactKey: Guid(9a81f1a59f171804e84fce76584bdcb7) Importer(815301076,1909f56bfc062723c751e8b465ee728b)
Start importing Assets/ExampleAssets/Textures/Props/Construction_Light/ConstructionLight_MetallicOcculusionSmoothness.tif using Guid(9a81f1a59f171804e84fce76584bdcb7) Importer(815301076,1909f56bfc062723c751e8b465ee728b)  -> (artifact id: 'd1086b1c31ad10e46de68d3df1150e11') in 0.116610 seconds 
  Import took 0.124822 seconds .

========================================================================
Received Import Request.
  Time since last request: 0.000433 seconds.
  path: Assets/ExampleAssets/Textures/Plastic/Elastic_MetallicOcculusionSmoothness.tif
  artifactKey: Guid(f5df2fb0c070b57429f8ca23b216093b) Importer(815301076,1909f56bfc062723c751e8b465ee728b)
Start importing Assets/ExampleAssets/Textures/Plastic/Elastic_MetallicOcculusionSmoothness.tif using Guid(f5df2fb0c070b57429f8ca23b216093b) Importer(815301076,1909f56bfc062723c751e8b465ee728b)  -> (artifact id: '652a29a07597548ed2fd55cee48591d1') in 0.053123 seconds 
  Import took 0.061043 seconds .

========================================================================
Received Import Request.
  Time since last request: 0.000379 seconds.
  path: Assets/ExampleAssets/Textures/Drywall/Drywall_AlbedoSmoothness.tif
  artifactKey: Guid(3e11968c372730442aae3b4f7c909931) Importer(815301076,1909f56bfc062723c751e8b465ee728b)
Start importing Assets/ExampleAssets/Textures/Drywall/Drywall_AlbedoSmoothness.tif using Guid(3e11968c372730442aae3b4f7c909931) Importer(815301076,1909f56bfc062723c751e8b465ee728b)  -> (artifact id: 'b9848262819c20f893c6286f0cc59063') in 0.039084 seconds 
  Import took 0.046933 seconds .

========================================================================
Received Import Request.
  Time since last request: 0.000193 seconds.
  path: Assets/ExampleAssets/Textures/Drywall/Drywall_Normal.tif
  artifactKey: Guid(e231e4c02c48ee14aafa55f7b1a843c1) Importer(815301076,1909f56bfc062723c751e8b465ee728b)
Start importing Assets/ExampleAssets/Textures/Drywall/Drywall_Normal.tif using Guid(e231e4c02c48ee14aafa55f7b1a843c1) Importer(815301076,1909f56bfc062723c751e8b465ee728b)  -> (artifact id: '7e837e31e2d40a813ff093998bcea8d1') in 0.088397 seconds 
  Import took 0.119158 seconds .

========================================================================
Received Import Request.
  Time since last request: 0.000946 seconds.
  path: Assets/ExampleAssets/Textures/Plastic/Elastic_Normal.tif
  artifactKey: Guid(db17334dfe5991a4bbe241ee9a728c38) Importer(815301076,1909f56bfc062723c751e8b465ee728b)
Start importing Assets/ExampleAssets/Textures/Plastic/Elastic_Normal.tif using Guid(db17334dfe5991a4bbe241ee9a728c38) Importer(815301076,1909f56bfc062723c751e8b465ee728b)  -> (artifact id: '96f3acca28eb3dcbd22e8d9fea290314') in 0.018554 seconds 
  Import took 0.026917 seconds .

========================================================================
Received Import Request.
  Time since last request: 0.000310 seconds.
  path: Assets/ExampleAssets/Textures/Drywall/Drywall_Albedo.tif
  artifactKey: Guid(eae496078d11426448124eaf8b285e6b) Importer(815301076,1909f56bfc062723c751e8b465ee728b)
Start importing Assets/ExampleAssets/Textures/Drywall/Drywall_Albedo.tif using Guid(eae496078d11426448124eaf8b285e6b) Importer(815301076,1909f56bfc062723c751e8b465ee728b)  -> (artifact id: 'c7b1e2e622b9080c501a01ecc539ea7e') in 0.057742 seconds 
  Import took 0.065160 seconds .

========================================================================
Received Import Request.
  Time since last request: 0.000367 seconds.
  path: Assets/Shipping Container Environment/Source/Textures/containers_normals.png
  artifactKey: Guid(ea16e5017d29d7745944bd82a44fa9c3) Importer(815301076,1909f56bfc062723c751e8b465ee728b)
Start importing Assets/Shipping Container Environment/Source/Textures/containers_normals.png using Guid(ea16e5017d29d7745944bd82a44fa9c3) Importer(815301076,1909f56bfc062723c751e8b465ee728b)  -> (artifact id: '7a41dfccec52a6469601d9b81bf078fe') in 0.018538 seconds 
  Import took 0.025771 seconds .

========================================================================
Received Import Request.
  Time since last request: 0.000335 seconds.
  path: Assets/ExampleAssets/Textures/Drywall/DrywallPainted_Normal.tif
  artifactKey: Guid(2cd242c9999e92b4ca96dab876cfaf13) Importer(815301076,1909f56bfc062723c751e8b465ee728b)
Start importing Assets/ExampleAssets/Textures/Drywall/DrywallPainted_Normal.tif using Guid(2cd242c9999e92b4ca96dab876cfaf13) Importer(815301076,1909f56bfc062723c751e8b465ee728b)  -> (artifact id: 'c1bd810e7fc0623c54db8addb4e3eddb') in 0.020088 seconds 
  Import took 0.028228 seconds .

========================================================================
Received Import Request.
  Time since last request: 21.817249 seconds.
  path: Assets/Old_USSR_Lamp/Textures/Emission.tga
  artifactKey: Guid(c2f5b3e682b719349a5443b2d5ce16d4) Importer(815301076,1909f56bfc062723c751e8b465ee728b)
Start importing Assets/Old_USSR_Lamp/Textures/Emission.tga using Guid(c2f5b3e682b719349a5443b2d5ce16d4) Importer(815301076,1909f56bfc062723c751e8b465ee728b)  -> (artifact id: 'c4b1e9dd289e68a45604a35ec9bc92f7') in 2.778631 seconds 
  Import took 2.785572 seconds .

========================================================================
Received Import Request.
  Time since last request: 0.006278 seconds.
  path: Assets/ExampleAssets/Textures/Concrete/Ground_Albedo.tif
  artifactKey: Guid(87ce03bd447ccce48bbff87ac0d8355f) Importer(815301076,1909f56bfc062723c751e8b465ee728b)
Start importing Assets/ExampleAssets/Textures/Concrete/Ground_Albedo.tif using Guid(87ce03bd447ccce48bbff87ac0d8355f) Importer(815301076,1909f56bfc062723c751e8b465ee728b)  -> (artifact id: '57c1e628b4b3c7ccc3e79b0d9cd64664') in 0.018296 seconds 
  Import took 0.029848 seconds .

========================================================================
Received Import Request.
  Time since last request: 14.867976 seconds.
  path: Assets/PBR Lamps Pack Free/Classic fluorescent lamp/Maps (Specular) [Unity]/Classic_fluorescent_lamp_emissive.png
  artifactKey: Guid(c0c87017c1a2e404e8c3a31e21f90376) Importer(815301076,1909f56bfc062723c751e8b465ee728b)
Start importing Assets/PBR Lamps Pack Free/Classic fluorescent lamp/Maps (Specular) [Unity]/Classic_fluorescent_lamp_emissive.png using Guid(c0c87017c1a2e404e8c3a31e21f90376) Importer(815301076,1909f56bfc062723c751e8b465ee728b)  -> (artifact id: '7594322802d47ff9cf40fdb721126b4e') in 0.019549 seconds 
  Import took 0.027204 seconds .

========================================================================
Received Import Request.
  Time since last request: 0.003639 seconds.
  path: Assets/PBR Lamps Pack Free/Classic fluorescent lamp/Maps (Specular) [Unity]/Classic_fluorescent_lamp_normal.png
  artifactKey: Guid(6f28d09a41ad7fe49a3722dbed7ef9c1) Importer(815301076,1909f56bfc062723c751e8b465ee728b)
Start importing Assets/PBR Lamps Pack Free/Classic fluorescent lamp/Maps (Specular) [Unity]/Classic_fluorescent_lamp_normal.png using Guid(6f28d09a41ad7fe49a3722dbed7ef9c1) Importer(815301076,1909f56bfc062723c751e8b465ee728b)  -> (artifact id: '52e7402d464d45b441893407837fa3cc') in 0.024263 seconds 
  Import took 0.031770 seconds .

========================================================================
Received Import Request.
  Time since last request: 0.372349 seconds.
  path: Assets/PBR Lamps Pack Free/Classic fluorescent lamp/Maps (Specular) [Unity]/Classic_fluorescent_lamp_ao.png
  artifactKey: Guid(03de16ff32374ba43838cba8be87ee3b) Importer(815301076,1909f56bfc062723c751e8b465ee728b)
Start importing Assets/PBR Lamps Pack Free/Classic fluorescent lamp/Maps (Specular) [Unity]/Classic_fluorescent_lamp_ao.png using Guid(03de16ff32374ba43838cba8be87ee3b) Importer(815301076,1909f56bfc062723c751e8b465ee728b)  -> (artifact id: '53c345cdb3bfccd6932a665aeef5c6a3') in 0.016732 seconds 
  Import took 0.025026 seconds .

========================================================================
Received Import Request.
  Time since last request: 0.000349 seconds.
  path: Assets/PBR Lamps Pack Free/Classic fluorescent lamp/Maps (Specular) [Unity]/Classic_fluorescent_lamp_diffuse.png
  artifactKey: Guid(53d9ac25c717add419d0e59f70e4e6df) Importer(815301076,1909f56bfc062723c751e8b465ee728b)
Start importing Assets/PBR Lamps Pack Free/Classic fluorescent lamp/Maps (Specular) [Unity]/Classic_fluorescent_lamp_diffuse.png using Guid(53d9ac25c717add419d0e59f70e4e6df) Importer(815301076,1909f56bfc062723c751e8b465ee728b)  -> (artifact id: '974c2aaa61312035d4dfd96a62550343') in 0.016547 seconds 
  Import took 0.024628 seconds .

========================================================================
Received Import Request.
  Time since last request: 0.256064 seconds.
  path: Assets/Old_USSR_Lamp/Textures/Albedo.tga
  artifactKey: Guid(86ac791186ac7184daa08fe84b243f98) Importer(815301076,1909f56bfc062723c751e8b465ee728b)
Start importing Assets/Old_USSR_Lamp/Textures/Albedo.tga using Guid(86ac791186ac7184daa08fe84b243f98) Importer(815301076,1909f56bfc062723c751e8b465ee728b)  -> (artifact id: '20756557bf5a0e520923eebc11c33bff') in 0.036171 seconds 
  Import took 0.045232 seconds .

========================================================================
Received Import Request.
  Time since last request: 4.201411 seconds.
  path: Assets/ExampleAssets/Textures/Concrete/Ground_MetallicOcculusionSmoothness.tif
  artifactKey: Guid(a8d38587573a5f34c91c4ae0fbd8bfef) Importer(815301076,1909f56bfc062723c751e8b465ee728b)
Start importing Assets/ExampleAssets/Textures/Concrete/Ground_MetallicOcculusionSmoothness.tif using Guid(a8d38587573a5f34c91c4ae0fbd8bfef) Importer(815301076,1909f56bfc062723c751e8b465ee728b)  -> (artifact id: '1948570577e08ceae48a8267376c8b29') in 0.014835 seconds 
  Import took 0.023707 seconds .

========================================================================
Received Import Request.
  Time since last request: 0.000288 seconds.
  path: Assets/ExampleAssets/Textures/Concrete/Ground_Normal.tif
  artifactKey: Guid(fab85e0cacda9644a99e5182a86b71f5) Importer(815301076,1909f56bfc062723c751e8b465ee728b)
Start importing Assets/ExampleAssets/Textures/Concrete/Ground_Normal.tif using Guid(fab85e0cacda9644a99e5182a86b71f5) Importer(815301076,1909f56bfc062723c751e8b465ee728b)  -> (artifact id: '4974798050dbc8e9124f12255baf1b95') in 0.013386 seconds 
  Import took 0.020447 seconds .

========================================================================
Received Import Request.
  Time since last request: 0.438878 seconds.
  path: Assets/ExampleAssets/Textures/Props/Hammer/Hammer_Albedo.tif
  artifactKey: Guid(59c8de363dc14c54986d0751c2c38342) Importer(815301076,1909f56bfc062723c751e8b465ee728b)
Start importing Assets/ExampleAssets/Textures/Props/Hammer/Hammer_Albedo.tif using Guid(59c8de363dc14c54986d0751c2c38342) Importer(815301076,1909f56bfc062723c751e8b465ee728b)  -> (artifact id: '6ee3a3d3644c339ba8c91274c8ceda54') in 0.014495 seconds 
  Import took 0.022584 seconds .

========================================================================
Received Import Request.
  Time since last request: 0.000313 seconds.
  path: Assets/ExampleAssets/Textures/Props/Hammer/Hammer_MetallicOcculusionSmoothness.tif
  artifactKey: Guid(6c509e4ae024b5e4faeefb92dab5c812) Importer(815301076,1909f56bfc062723c751e8b465ee728b)
Start importing Assets/ExampleAssets/Textures/Props/Hammer/Hammer_MetallicOcculusionSmoothness.tif using Guid(6c509e4ae024b5e4faeefb92dab5c812) Importer(815301076,1909f56bfc062723c751e8b465ee728b)  -> (artifact id: '2d6069d416208ce0fb62b32b6aaa8b2e') in 0.013541 seconds 
  Import took 0.021125 seconds .

========================================================================
Received Import Request.
  Time since last request: 0.067359 seconds.
  path: Assets/ExampleAssets/Textures/Props/Hammer/Hammer_Normal.tif
  artifactKey: Guid(c517a9b1527aec343806327b47ad22df) Importer(815301076,1909f56bfc062723c751e8b465ee728b)
Start importing Assets/ExampleAssets/Textures/Props/Hammer/Hammer_Normal.tif using Guid(c517a9b1527aec343806327b47ad22df) Importer(815301076,1909f56bfc062723c751e8b465ee728b)  -> (artifact id: '4afb98880585f8f9433b30ed868a8883') in 0.056713 seconds 
  Import took 0.065413 seconds .

========================================================================
Received Import Request.
  Time since last request: 0.000306 seconds.
  path: Assets/TutorialInfo/Icons/Help_Icon.png
  artifactKey: Guid(34f556d724b1bbf4097ca6220db2c581) Importer(815301076,1909f56bfc062723c751e8b465ee728b)
Start importing Assets/TutorialInfo/Icons/Help_Icon.png using Guid(34f556d724b1bbf4097ca6220db2c581) Importer(815301076,1909f56bfc062723c751e8b465ee728b)  -> (artifact id: '898a138293e62f0b9f26f9f2dc61b90a') in 0.028253 seconds 
  Import took 0.037065 seconds .

