Unity Editor version:    2020.3.19f1c2 (94354a08ed9f)
Branch:                  2020.3/china_unity/release
Build type:              Release
Batch mode:              YES
macOS version:           Version 11.6 (Build 20G165)
Darwin version:          20.6.0
Architecture:            x86_64
Running under Rosetta:   NO
Available memory:        8192 MB
Using pre-set license
Pro License: NO

COMMAND LINE ARGUMENTS:
/Applications/Unity/Hub/Editor/2020.3.19f1c2/Unity.app/Contents/MacOS/Unity
-adb2
-batchMode
-noUpm
-name
AssetImportWorker0
-projectPath
/Users/peiwenliang/Desktop/Practice 1
-logFile
Logs/AssetImportWorker0.log
-srvPort
58648
Successfully changed project path to: /Users/peiwenliang/Desktop/Practice 1
/Users/peiwenliang/Desktop/Practice 1
Using Asset Import Pipeline V2.
AS: AutoStreaming module initializing.Refreshing native plugins compatible for Editor in 294.18 ms, found 2 plugins.
Preloading 0 native plugins for Editor in 0.00 ms.
Initialize engine version: 2020.3.19f1c2 (94354a08ed9f)
[Subsystems] Discovering subsystems at path /Applications/Unity/Hub/Editor/2020.3.19f1c2/Unity.app/Contents/Resources/UnitySubsystems
[Subsystems] Discovering subsystems at path /Users/peiwenliang/Desktop/Practice 1/Assets
GfxDevice: creating device client; threaded=0
2021-10-07 07:28:28.649 Unity[25058:2256481] Color LCD preferred device: Intel(R) Iris(TM) Plus Graphics 640 (low power)
2021-10-07 07:28:28.649 Unity[25058:2256481] Metal devices available: 1
2021-10-07 07:28:28.649 Unity[25058:2256481] 0: Intel(R) Iris(TM) Plus Graphics 640 (low power)
2021-10-07 07:28:28.650 Unity[25058:2256481] Using device Intel(R) Iris(TM) Plus Graphics 640 (low power)
Initializing Metal device caps: Intel(R) Iris(TM) Plus Graphics 640
Initialize mono
Mono path[0] = '/Applications/Unity/Hub/Editor/2020.3.19f1c2/Unity.app/Contents/Managed'
Mono path[1] = '/Applications/Unity/Hub/Editor/2020.3.19f1c2/Unity.app/Contents/MonoBleedingEdge/lib/mono/unityjit'
Mono config path = '/Applications/Unity/Hub/Editor/2020.3.19f1c2/Unity.app/Contents/MonoBleedingEdge/etc'
Using monoOptions --debugger-agent=transport=dt_socket,embedding=1,server=y,suspend=n,address=127.0.0.1:56058
Begin MonoManager ReloadAssembly
Registering precompiled unity dll's ...
Register platform support module: /Applications/Unity/Hub/Editor/2020.3.19f1c2/Unity.app/Contents/PlaybackEngines/MacStandaloneSupport/UnityEditor.OSXStandalone.Extensions.dll
Registered in 0.010664 seconds.
Native extension for OSXStandalone target not found
Refreshing native plugins compatible for Editor in 313.12 ms, found 2 plugins.
Preloading 0 native plugins for Editor in 0.00 ms.
Mono: successfully reloaded assembly
- Completed reload, in 10.610 seconds
Domain Reload Profiling:
	ReloadAssembly (10611ms)
		BeginReloadAssembly (231ms)
			ExecutionOrderSort (0ms)
			DisableScriptedObjects (0ms)
			BackupInstance (0ms)
			ReleaseScriptingObjects (0ms)
			CreateAndSetChildDomain (2ms)
		EndReloadAssembly (2889ms)
			LoadAssemblies (231ms)
			RebuildTransferFunctionScriptingTraits (0ms)
			SetupTypeCache (1113ms)
			ReleaseScriptCaches (0ms)
			RebuildScriptCaches (219ms)
			SetupLoadedEditorAssemblies (1279ms)
				LogAssemblyErrors (0ms)
				InitializePlatformSupportModulesInManaged (18ms)
				SetLoadedEditorAssemblies (1ms)
				RefreshPlugins (313ms)
				BeforeProcessingInitializeOnLoad (32ms)
				ProcessInitializeOnLoadAttributes (627ms)
				ProcessInitializeOnLoadMethodAttributes (288ms)
				AfterProcessingInitializeOnLoad (0ms)
				EditorAssembliesLoaded (0ms)
			ExecutionOrderSort2 (0ms)
			AwakeInstancesAfterBackupRestoration (0ms)
Platform modules already initialized, skipping
Registering precompiled user dll's ...
Registered in 0.034646 seconds.
Begin MonoManager ReloadAssembly
Native extension for OSXStandalone target not found
Refreshing native plugins compatible for Editor in 339.00 ms, found 2 plugins.
Preloading 0 native plugins for Editor in 0.00 ms.
Mono: successfully reloaded assembly
- Completed reload, in  9.071 seconds
Domain Reload Profiling:
	ReloadAssembly (9073ms)
		BeginReloadAssembly (1005ms)
			ExecutionOrderSort (0ms)
			DisableScriptedObjects (32ms)
			BackupInstance (0ms)
			ReleaseScriptingObjects (0ms)
			CreateAndSetChildDomain (101ms)
		EndReloadAssembly (7542ms)
			LoadAssemblies (671ms)
			RebuildTransferFunctionScriptingTraits (0ms)
			SetupTypeCache (3204ms)
			ReleaseScriptCaches (1ms)
			RebuildScriptCaches (438ms)
			SetupLoadedEditorAssemblies (2189ms)
				LogAssemblyErrors (0ms)
				InitializePlatformSupportModulesInManaged (10ms)
				SetLoadedEditorAssemblies (1ms)
				RefreshPlugins (339ms)
				BeforeProcessingInitializeOnLoad (578ms)
				ProcessInitializeOnLoadAttributes (1237ms)
				ProcessInitializeOnLoadMethodAttributes (20ms)
				AfterProcessingInitializeOnLoad (3ms)
				EditorAssembliesLoaded (1ms)
			ExecutionOrderSort2 (0ms)
			AwakeInstancesAfterBackupRestoration (37ms)
Platform modules already initialized, skipping
Validating Project structure ... 0.006652 seconds.

LICENSE SYSTEM [2021107 7:28:52] Next license update check is after 2021-10-07T14:52:40

Shader import version has changed; will reimport all shaders...
Upgrading shader files ...0.009285 seconds.
Application.AssetDatabase Initial Script Refresh Start
RefreshInfo: InitialScriptRefreshV2(NoUpdateAssetOptions) scanfilter:  ... 1 filters
RefreshProfiler: Total: 0.000ms
Application.AssetDatabase Initial Script Refresh End
Application.AssetDatabase.Refresh Start
Application.AssetDatabase.Refresh End
RefreshInfo: StopAssetImportingV2(ForceSynchronousImport) scanfilter: 
RefreshProfiler: Total: 0.000ms
Launching external process: /Applications/Unity/Hub/Editor/2020.3.19f1c2/Unity.app/Contents/Tools/UnityShaderCompiler
Launched and connected shader compiler UnityShaderCompiler after 0.04 seconds
Initializing Unity extensions:
========================================================================
Worker process is ready to serve import requests
Refreshing native plugins compatible for Editor in 0.99 ms, found 2 plugins.
Preloading 0 native plugins for Editor in 0.00 ms.
Unloading 2712 Unused Serialized files (Serialized files now loaded: 0)
System memory in use before: 228.9 MB.
System memory in use after: 228.7 MB.

Unloading 116 unused Assets to reduce memory usage. Loaded Objects now: 3185.
Total: 8.673823 ms (FindLiveObjects: 0.640656 ms CreateObjectMapping: 0.265942 ms MarkObjects: 7.350037 ms  DeleteObjects: 0.415294 ms)

AssetImportParameters requested are different than current active one (requested -> active):
  custom:video-decoder-ogg-theora: a1e56fd34408186e4bbccfd4996cb3dc -> 
  custom:container-muxer-webm: aa71ff27fc2769a1b78a27578f13a17b -> 
  custom:container-demuxer-webm: 4f35f7cbe854078d1ac9338744f61a02 -> 
  custom:container-demuxer-ogg: 62fdf1f143b41e24485cea50d1cbac27 -> 
  custom:video-encoder-webm-vp8: eb34c28f22e8b96e1ab97ce403110664 -> 
  custom:framework-osx-AVFoundation: e770b220cccbd017edd2c1fefb359320 -> 
  custom:video-decoder-webm-vp8: 9c59270c3fd7afecdb556c50c9e8de78 -> 
  custom:audio-decoder-ogg-vorbis: bf7c407c2cedff20999df2af8eb42d56 -> 
  custom:audio-encoder-webm-vorbis: bf7c407c2cedff20999df2af8eb42d56 -> 
========================================================================
Received Import Request.
  path: Assets/PBR Lamps Pack Free/Prefabs/Small_roof_lamp.prefab
  artifactKey: Guid(b266f4e4ee23ffc45b9b5f47b06e3a89) Importer(815301076,1909f56bfc062723c751e8b465ee728b)
Start importing Assets/PBR Lamps Pack Free/Prefabs/Small_roof_lamp.prefab using Guid(b266f4e4ee23ffc45b9b5f47b06e3a89) Importer(815301076,1909f56bfc062723c751e8b465ee728b)  -> (artifact id: '0a3b261c63e77ca8996d17ab9546812d') in 3.530306 seconds 
  Import took 3.549212 seconds .

========================================================================
Received Import Request.
  Time since last request: 0.006010 seconds.
  path: Assets/PBR Lamps Pack Free/Prefabs/Classic fluorescent lamp.prefab
  artifactKey: Guid(94e472da99198764cb9d172d651d1b5c) Importer(815301076,1909f56bfc062723c751e8b465ee728b)
Start importing Assets/PBR Lamps Pack Free/Prefabs/Classic fluorescent lamp.prefab using Guid(94e472da99198764cb9d172d651d1b5c) Importer(815301076,1909f56bfc062723c751e8b465ee728b)  -> (artifact id: 'fbf805ab8a0e3eba72abec2eebad6626') in 0.141352 seconds 
  Import took 0.157966 seconds .

========================================================================
Received Import Request.
  Time since last request: 0.000564 seconds.
  path: Assets/PBR Lamps Pack Free/Prefabs/Large_round_lamp.prefab
  artifactKey: Guid(9b2a4f13248ef214b9e14c5bed331a51) Importer(815301076,1909f56bfc062723c751e8b465ee728b)
Start importing Assets/PBR Lamps Pack Free/Prefabs/Large_round_lamp.prefab using Guid(9b2a4f13248ef214b9e14c5bed331a51) Importer(815301076,1909f56bfc062723c751e8b465ee728b)  -> (artifact id: 'de02c5b9a61da6f24ff522bec19fa0c9') in 0.054136 seconds 
  Import took 0.076813 seconds .

========================================================================
Received Import Request.
  Time since last request: 0.000544 seconds.
  path: Assets/PBR Lamps Pack Free/Prefabs
  artifactKey: Guid(aacabe983f5454e4684866f302afc7a8) Importer(815301076,1909f56bfc062723c751e8b465ee728b)
Start importing Assets/PBR Lamps Pack Free/Prefabs using Guid(aacabe983f5454e4684866f302afc7a8) Importer(815301076,1909f56bfc062723c751e8b465ee728b)  -> (artifact id: '88617d70279d299330da81ed5a1ac8be') in 0.006712 seconds 
  Import took 0.032281 seconds .

========================================================================
Received Import Request.
  Time since last request: 293.399204 seconds.
  path: Assets/PBR Lamps Pack Free/Large round lamp/Maps (Specular) [Unity]/Clean/Large_round_lamp_normal.png
  artifactKey: Guid(b8457642598114644b96e2e9a6ac5eff) Importer(815301076,1909f56bfc062723c751e8b465ee728b)
Start importing Assets/PBR Lamps Pack Free/Large round lamp/Maps (Specular) [Unity]/Clean/Large_round_lamp_normal.png using Guid(b8457642598114644b96e2e9a6ac5eff) Importer(815301076,1909f56bfc062723c751e8b465ee728b)  -> (artifact id: '2c38481d16ba76f1972c7a829c2f3951') in 1.853987 seconds 
  Import took 1.861507 seconds .

========================================================================
Received Import Request.
  Time since last request: 0.005376 seconds.
  path: Assets/PBR Lamps Pack Free/Large round lamp/Maps (Specular) [Unity]/Clean/Large_round_lamp_ao.png
  artifactKey: Guid(ed969107b3e928049a8d4b4219274843) Importer(815301076,1909f56bfc062723c751e8b465ee728b)
Start importing Assets/PBR Lamps Pack Free/Large round lamp/Maps (Specular) [Unity]/Clean/Large_round_lamp_ao.png using Guid(ed969107b3e928049a8d4b4219274843) Importer(815301076,1909f56bfc062723c751e8b465ee728b)  -> (artifact id: '4af302554cb0dcbc2424d9f32a94ad99') in 0.032700 seconds 
  Import took 0.039306 seconds .

========================================================================
Received Import Request.
  Time since last request: 0.000285 seconds.
  path: Assets/PBR Lamps Pack Free/Large round lamp/Maps (Specular) [Unity]/Clean/Large_round_lamp_specular.png
  artifactKey: Guid(a7b362b65273ece4ab9d8fde9fa46b9e) Importer(815301076,1909f56bfc062723c751e8b465ee728b)
Start importing Assets/PBR Lamps Pack Free/Large round lamp/Maps (Specular) [Unity]/Clean/Large_round_lamp_specular.png using Guid(a7b362b65273ece4ab9d8fde9fa46b9e) Importer(815301076,1909f56bfc062723c751e8b465ee728b)  -> (artifact id: '8773d7cbfb6de5ff098d2a5e09c98277') in 0.030658 seconds 
  Import took 0.037601 seconds .

========================================================================
Received Import Request.
  Time since last request: 0.000250 seconds.
  path: Assets/PBR Lamps Pack Free/Large round lamp/Maps (Specular) [Unity]/Clean/Large_round_lamp_emissive.png
  artifactKey: Guid(8eef84d654a53a2408fd405e8cc9239c) Importer(815301076,1909f56bfc062723c751e8b465ee728b)
Start importing Assets/PBR Lamps Pack Free/Large round lamp/Maps (Specular) [Unity]/Clean/Large_round_lamp_emissive.png using Guid(8eef84d654a53a2408fd405e8cc9239c) Importer(815301076,1909f56bfc062723c751e8b465ee728b)  -> (artifact id: 'c601fe2058184e8465d1f104cc648611') in 0.021167 seconds 
  Import took 0.026890 seconds .

